<?xml version="1.0" encoding="UTF-8"?>
<testsuite name="day5.Day5KtTest" tests="1" skipped="0" failures="0" errors="0" timestamp="2020-12-09T10:49:10" hostname="SOLPF1BEWPS" time="0.035">
  <properties/>
  <testcase name="isNice()" classname="day5.Day5KtTest" time="0.035"/>
  <system-out><![CDATA[]]></system-out>
  <system-err><![CDATA[]]></system-err>
</testsuite>
