<?xml version="1.0" encoding="UTF-8"?>
<testsuite name="day3.Day3KtTest" tests="2" skipped="0" failures="0" errors="0" timestamp="2020-12-06T11:09:08" hostname="SOLPF1BEWPS" time="0.021">
  <properties/>
  <testcase name="part1()" classname="day3.Day3KtTest" time="0.019"/>
  <testcase name="part2()" classname="day3.Day3KtTest" time="0.001"/>
  <system-out><![CDATA[]]></system-out>
  <system-err><![CDATA[]]></system-err>
</testsuite>
